\BOOKMARK [0][]{Título.0}{\376\377\000T\000\355\000t\000u\000l\000o}{}% 1
\BOOKMARK [0][]{Acknowledgments.0}{\376\377\000A\000g\000r\000a\000d\000e\000c\000i\000m\000e\000n\000t\000o\000s}{}% 2
\BOOKMARK [0][]{RESUMO.0}{\376\377\000R\000e\000s\000u\000m\000o}{}% 3
\BOOKMARK [0][]{ABSTRACT.0}{\376\377\000A\000b\000s\000t\000r\000a\000c\000t}{}% 4
\BOOKMARK [0][]{toc.0}{\376\377\000S\000u\000m\000\341\000r\000i\000o}{}% 5
\BOOKMARK [0][]{lof.0}{\376\377\000\315\000n\000d\000i\000c\000e\000\040\000d\000e\000\040\000F\000i\000g\000u\000r\000a\000s}{}% 6
\BOOKMARK [0][]{lot.0}{\376\377\000\315\000n\000d\000i\000c\000e\000\040\000d\000e\000\040\000T\000a\000b\000e\000l\000a\000s}{}% 7
\BOOKMARK [0][]{loa.0}{\376\377\000\315\000n\000d\000i\000c\000e\000\040\000d\000e\000\040\000A\000l\000g\000o\000r\000i\000t\000m\000o\000s}{}% 8
\BOOKMARK [0][]{loac.0}{\376\377\000L\000i\000s\000t\000a\000\040\000d\000e\000\040\000S\000i\000g\000l\000a\000s\000\040\000e\000\040\000A\000b\000r\000e\000v\000i\000a\000t\000u\000r\000a\000s}{}% 9
\BOOKMARK [0][]{chapter.1}{\376\377\0001\000\040\000I\000N\000T\000R\000O\000D\000U\000\307\000\303\000O}{}% 10
\BOOKMARK [1][]{section.1.1}{\376\377\0001\000.\0001\000\040\000C\000O\000M\000P\000U\000T\000A\000\307\000\303\000O\000\040\000E\000V\000O\000L\000U\000C\000I\000O\000N\000\301\000R\000I\000A}{chapter.1}% 11
\BOOKMARK [2][]{subsection.1.1.1}{\376\377\0001\000.\0001\000.\0001\000\040\000O\000\040\000p\000r\000o\000b\000l\000e\000m\000a\000\040\000d\000a\000\040\000r\000e\000p\000r\000e\000s\000e\000n\000t\000a\000\347\000\343\000o\000\040\000n\000o\000s\000\040\000A\000l\000g\000o\000r\000i\000t\000m\000o\000s\000\040\000G\000e\000n\000\351\000t\000i\000c\000o\000s}{section.1.1}% 12
\BOOKMARK [1][]{section.1.2}{\376\377\0001\000.\0002\000\040\000I\000N\000T\000R\000O\000D\000U\000\307\000\303\000O\000\040\000\300\000\040\000P\000R\000O\000G\000R\000A\000M\000A\000\307\000\303\000O\000\040\000G\000E\000N\000\311\000T\000I\000C\000A}{chapter.1}% 13
\BOOKMARK [1][]{section.1.3}{\376\377\0001\000.\0003\000\040\000O\000B\000J\000E\000T\000I\000V\000O\000S}{chapter.1}% 14
\BOOKMARK [2][]{subsection.1.3.1}{\376\377\0001\000.\0003\000.\0001\000\040\000G\000e\000r\000a\000l}{section.1.3}% 15
\BOOKMARK [2][]{subsection.1.3.2}{\376\377\0001\000.\0003\000.\0002\000\040\000E\000s\000p\000e\000c\000\355\000f\000i\000c\000o\000s}{section.1.3}% 16
\BOOKMARK [1][]{section.1.4}{\376\377\0001\000.\0004\000\040\000I\000M\000P\000O\000R\000T\000\302\000N\000C\000I\000A\000\040\000E\000\040\000R\000E\000L\000E\000V\000\302\000N\000C\000I\000A}{chapter.1}% 17
\BOOKMARK [2][]{subsection.1.4.1}{\376\377\0001\000.\0004\000.\0001\000\040\000P\000r\000e\000v\000i\000s\000\343\000o\000\040\000d\000e\000\040\000p\000a\000r\000\342\000m\000e\000t\000r\000o\000s\000\040\000f\000a\000r\000m\000a\000c\000o\000c\000i\000n\000\351\000t\000i\000c\000o\000s}{section.1.4}% 18
\BOOKMARK [1][]{section.1.5}{\376\377\0001\000.\0005\000\040\000C\000O\000N\000T\000R\000I\000B\000U\000I\000\307\000\303\000O}{chapter.1}% 19
\BOOKMARK [1][]{section.1.6}{\376\377\0001\000.\0006\000\040\000E\000S\000T\000R\000U\000T\000U\000R\000A}{chapter.1}% 20
\BOOKMARK [0][]{chapter.2}{\376\377\0002\000\040\000P\000R\000O\000G\000R\000A\000M\000A\000\307\000\303\000O\000\040\000G\000E\000N\000\311\000T\000I\000C\000A}{}% 21
\BOOKMARK [1][]{section.2.1}{\376\377\0002\000.\0001\000\040\000I\000N\000T\000R\000O\000D\000U\000\307\000\303\000O}{chapter.2}% 22
\BOOKMARK [1][]{section.2.2}{\376\377\0002\000.\0002\000\040\000R\000E\000P\000R\000E\000S\000E\000N\000T\000A\000\307\000\303\000O\000\040\000D\000O\000S\000\040\000I\000N\000D\000I\000V\000\315\000D\000U\000O\000S}{chapter.2}% 23
\BOOKMARK [1][]{section.2.3}{\376\377\0002\000.\0003\000\040\000I\000N\000I\000C\000I\000A\000L\000I\000Z\000A\000\307\000\303\000O\000\040\000D\000A\000\040\000P\000O\000P\000U\000L\000A\000\307\000\303\000O}{chapter.2}% 24
\BOOKMARK [1][]{section.2.4}{\376\377\0002\000.\0004\000\040\000F\000U\000N\000\307\000\303\000O\000\040\000D\000E\000\040\000F\000I\000T\000N\000E\000S\000S}{chapter.2}% 25
\BOOKMARK [2][]{subsection.2.4.1}{\376\377\0002\000.\0004\000.\0001\000\040\000F\000i\000t\000n\000e\000s\000s\000\040\000b\000r\000u\000t\000o}{section.2.4}% 26
\BOOKMARK [2][]{subsection.2.4.2}{\376\377\0002\000.\0004\000.\0002\000\040\000F\000i\000t\000n\000e\000s\000s\000\040\000p\000a\000d\000r\000o\000n\000i\000z\000a\000d\000o}{section.2.4}% 27
\BOOKMARK [1][]{section.2.5}{\376\377\0002\000.\0005\000\040\000S\000E\000L\000E\000\307\000\303\000O}{chapter.2}% 28
\BOOKMARK [1][]{section.2.6}{\376\377\0002\000.\0006\000\040\000C\000R\000U\000Z\000A\000M\000E\000N\000T\000O}{chapter.2}% 29
\BOOKMARK [1][]{section.2.7}{\376\377\0002\000.\0007\000\040\000M\000U\000T\000A\000\307\000\303\000O}{chapter.2}% 30
\BOOKMARK [1][]{section.2.8}{\376\377\0002\000.\0008\000\040\000R\000E\000P\000R\000O\000D\000U\000\307\000\303\000O}{chapter.2}% 31
\BOOKMARK [1][]{section.2.9}{\376\377\0002\000.\0009\000\040\000P\000A\000R\000\302\000M\000E\000T\000R\000O\000S}{chapter.2}% 32
\BOOKMARK [0][]{chapter.3}{\376\377\0003\000\040\000P\000A\000R\000\302\000M\000E\000T\000R\000O\000S\000\040\000F\000A\000R\000M\000A\000C\000O\000C\000I\000N\000\311\000T\000I\000C\000O\000S}{}% 33
\BOOKMARK [1][]{section.3.1}{\376\377\0003\000.\0001\000\040\000I\000N\000T\000R\000O\000D\000U\000\307\000\303\000O}{chapter.3}% 34
\BOOKMARK [1][]{section.3.2}{\376\377\0003\000.\0002\000\040\000P\000A\000R\000\302\000M\000E\000T\000R\000O\000S\000\040\000F\000A\000R\000M\000A\000C\000O\000C\000I\000N\000\311\000T\000I\000C\000O\000S\000\040\000U\000T\000I\000L\000I\000Z\000A\000D\000O\000S}{chapter.3}% 35
\BOOKMARK [2][]{subsection.3.2.1}{\376\377\0003\000.\0002\000.\0001\000\040\000\045\000F}{section.3.2}% 36
\BOOKMARK [2][]{subsection.3.2.2}{\376\377\0003\000.\0002\000.\0002\000\040\000\045\000P\000P\000B}{section.3.2}% 37
\BOOKMARK [2][]{subsection.3.2.3}{\376\377\0003\000.\0002\000.\0003\000\040\000L\000D\0005\0000}{section.3.2}% 38
\BOOKMARK [2][]{subsection.3.2.4}{\376\377\0003\000.\0002\000.\0004\000\040\000E\000n\000e\000r\000g\000i\000a\000\040\000d\000e\000\040\000a\000c\000o\000p\000l\000a\000m\000e\000n\000t\000o\000\040\000m\000o\000l\000e\000c\000u\000l\000a\000r}{section.3.2}% 39
\BOOKMARK [2][]{subsection.3.2.5}{\376\377\0003\000.\0002\000.\0005\000\040\000F\000l\000u\000d\000a\000r\000a\000b\000i\000n\000a}{section.3.2}% 40
\BOOKMARK [1][]{section.3.3}{\376\377\0003\000.\0003\000\040\000P\000R\000E\000V\000I\000S\000\303\000O\000\040\000D\000E\000\040\000P\000A\000R\000\302\000M\000E\000T\000R\000O\000S\000\040\000F\000A\000R\000M\000A\000C\000O\000C\000I\000N\000\311\000T\000I\000C\000O\000S}{chapter.3}% 41
\BOOKMARK [0][]{chapter.4}{\376\377\0004\000\040\000M\000E\000T\000O\000D\000O\000L\000O\000G\000I\000A}{}% 42
\BOOKMARK [1][]{section.4.1}{\376\377\0004\000.\0001\000\040\000I\000N\000T\000R\000O\000D\000U\000\307\000\303\000O}{chapter.4}% 43
\BOOKMARK [1][]{section.4.2}{\376\377\0004\000.\0002\000\040\000D\000A\000D\000O\000S}{chapter.4}% 44
\BOOKMARK [2][]{subsection.4.2.1}{\376\377\0004\000.\0002\000.\0001\000\040\000\045\000F\000,\000\040\000\045\000P\000P\000B\000\040\000e\000\040\000L\000D\0005\0000}{section.4.2}% 45
\BOOKMARK [2][]{subsection.4.2.2}{\376\377\0004\000.\0002\000.\0002\000\040\000E\000n\000e\000r\000g\000i\000a\000\040\000d\000e\000\040\000a\000c\000o\000p\000l\000a\000m\000e\000n\000t\000o\000\040\000m\000o\000l\000e\000c\000u\000l\000a\000r}{section.4.2}% 46
\BOOKMARK [2][]{subsection.4.2.3}{\376\377\0004\000.\0002\000.\0003\000\040\000F\000l\000u\000d\000a\000r\000a\000b\000i\000n\000a}{section.4.2}% 47
\BOOKMARK [1][]{section.4.3}{\376\377\0004\000.\0003\000\040\000C\000O\000N\000F\000I\000G\000U\000R\000A\000\307\000\325\000E\000S\000\040\000D\000E\000\040\000P\000R\000O\000G\000R\000A\000M\000A\000\307\000\303\000O\000\040\000G\000E\000N\000\311\000T\000I\000C\000A}{chapter.4}% 48
\BOOKMARK [2][]{subsection.4.3.1}{\376\377\0004\000.\0003\000.\0001\000\040\000P\000r\000o\000g\000r\000a\000m\000a\000\347\000\343\000o\000\040\000G\000e\000n\000\351\000t\000i\000c\000a\000\040\000p\000a\000d\000r\000\343\000o\000\040\000\050\000R\000M\000S\000E\000-\000G\000P\000\051}{section.4.3}% 49
\BOOKMARK [2][]{subsection.4.3.2}{\376\377\0004\000.\0003\000.\0002\000\040\000E\000s\000c\000a\000l\000o\000n\000a\000m\000e\000n\000t\000o\000\040\000l\000i\000n\000e\000a\000r\000\040\000\050\000L\000S\000-\000G\000P\000\051}{section.4.3}% 50
\BOOKMARK [2][]{subsection.4.3.3}{\376\377\0004\000.\0003\000.\0003\000\040\000C\000o\000e\000f\000i\000c\000i\000e\000n\000t\000e\000\040\000d\000e\000\040\000c\000o\000r\000r\000e\000l\000a\000\347\000\343\000o\000\040\000\050\000P\000C\000C\000N\000-\000G\000P\000\051}{section.4.3}% 51
\BOOKMARK [2][]{subsection.4.3.4}{\376\377\0004\000.\0003\000.\0004\000\040\000E\000r\000r\000o\000\040\000m\000\351\000d\000i\000o\000\040\000a\000b\000s\000o\000l\000u\000t\000o\000\040\000d\000i\000m\000e\000n\000s\000i\000o\000n\000a\000d\000o\000\040\000\050\000M\000A\000S\000E\000-\000G\000P\000\051}{section.4.3}% 52
\BOOKMARK [2][]{subsection.4.3.5}{\376\377\0004\000.\0003\000.\0005\000\040\000C\000o\000e\000f\000i\000c\000i\000e\000n\000t\000e\000\040\000d\000e\000\040\000d\000e\000t\000e\000r\000m\000i\000n\000a\000\347\000\343\000o\000\040\000\050\000R\0002\000-\000G\000P\000\051}{section.4.3}% 53
\BOOKMARK [2][]{subsection.4.3.6}{\376\377\0004\000.\0003\000.\0006\000\040\000B\000o\000o\000s\000t\000i\000n\000g\000\040\000\050\000B\000-\000G\000P\000\051}{section.4.3}% 54
\BOOKMARK [2][]{subsection.4.3.7}{\376\377\0004\000.\0003\000.\0007\000\040\000P\000e\000s\000q\000u\000i\000s\000a\000\040\000d\000e\000\040\000n\000o\000v\000i\000d\000a\000d\000e\000\040\000\050\000N\000S\000-\000G\000P\000\051}{section.4.3}% 55
\BOOKMARK [1][]{section.4.4}{\376\377\0004\000.\0004\000\040\000G\000P\000L\000A\000B\000\040\000-\000\040\000U\000M\000A\000\040\000F\000E\000R\000R\000A\000M\000E\000N\000T\000A\000\040\000D\000E\000\040\000P\000R\000O\000G\000R\000A\000M\000A\000\307\000\303\000O\000\040\000G\000E\000N\000\311\000T\000I\000C\000A}{chapter.4}% 56
\BOOKMARK [2][]{subsection.4.4.1}{\376\377\0004\000.\0004\000.\0001\000\040\000A\000m\000b\000i\000e\000n\000t\000e\000\040\000c\000o\000m\000p\000u\000t\000a\000c\000i\000o\000n\000a\000l}{section.4.4}% 57
\BOOKMARK [0][]{chapter.5}{\376\377\0005\000\040\000R\000E\000S\000U\000L\000T\000A\000D\000O\000S\000\040\000E\000\040\000D\000I\000S\000C\000U\000S\000S\000\303\000O}{}% 58
\BOOKMARK [1][]{section.5.1}{\376\377\0005\000.\0001\000\040\000I\000N\000T\000R\000O\000D\000U\000\307\000\303\000O}{chapter.5}% 59
\BOOKMARK [1][]{section.5.2}{\376\377\0005\000.\0002\000\040\000R\000E\000S\000U\000L\000T\000A\000D\000O\000S}{chapter.5}% 60
\BOOKMARK [2][]{subsection.5.2.1}{\376\377\0005\000.\0002\000.\0001\000\040\000\045\000F}{section.5.2}% 61
\BOOKMARK [2][]{subsection.5.2.2}{\376\377\0005\000.\0002\000.\0002\000\040\000\045\000P\000P\000B}{section.5.2}% 62
\BOOKMARK [2][]{subsection.5.2.3}{\376\377\0005\000.\0002\000.\0003\000\040\000L\000D\0005\0000}{section.5.2}% 63
\BOOKMARK [2][]{subsection.5.2.4}{\376\377\0005\000.\0002\000.\0004\000\040\000E\000n\000e\000r\000g\000i\000a\000\040\000d\000e\000\040\000a\000c\000o\000p\000l\000a\000m\000e\000n\000t\000o\000\040\000m\000o\000l\000e\000c\000u\000l\000a\000r}{section.5.2}% 64
\BOOKMARK [2][]{subsection.5.2.5}{\376\377\0005\000.\0002\000.\0005\000\040\000F\000l\000u\000d\000a\000r\000a\000b\000i\000n\000a}{section.5.2}% 65
\BOOKMARK [1][]{section.5.3}{\376\377\0005\000.\0003\000\040\000D\000I\000S\000C\000U\000S\000S\000\303\000O}{chapter.5}% 66
\BOOKMARK [0][]{chapter.6}{\376\377\0006\000\040\000C\000O\000N\000S\000I\000D\000E\000R\000A\000\307\000\325\000E\000S\000\040\000F\000I\000N\000A\000I\000S}{}% 67
\BOOKMARK [1][]{section.6.1}{\376\377\0006\000.\0001\000\040\000C\000O\000N\000C\000L\000U\000S\000\303\000O}{chapter.6}% 68
\BOOKMARK [1][]{section.6.2}{\376\377\0006\000.\0002\000\040\000T\000R\000A\000B\000A\000L\000H\000O\000S\000\040\000F\000U\000T\000U\000R\000O\000S}{chapter.6}% 69
